2024-06-23 23:03:26,723 - INFO - Mobile verification is successful
2024-06-23 23:03:26,723 - DEBUG - Get method entered with record {'mobile': 915421215452}
2024-06-23 23:03:26,723 - INFO - Mobile verification is successful
2024-06-23 23:03:26,723 - INFO - User details found -->> {'mobile': 915421215452, 'name': 'Komal', 'company': 'APPLE'}
2024-06-23 23:03:49,344 - INFO - Mobile verification is successful
2024-06-23 23:03:49,345 - DEBUG - Get method entered with record {'mobile': 915421215452}
2024-06-23 23:03:49,345 - INFO - Mobile verification is successful
2024-06-23 23:03:49,345 - INFO - User details found -->> {'mobile': 915421215452, 'name': 'Komal', 'company': 'APPLE'}
2024-06-23 23:04:21,836 - INFO - Mobile verification is successful
2024-06-23 23:04:21,839 - DEBUG - Get method entered with record {'mobile': 915421215452}
2024-06-23 23:04:21,839 - INFO - Mobile verification is successful
2024-06-23 23:04:21,839 - INFO - User details found -->> {'mobile': 915421215452, 'name': 'Komal', 'company': 'APPLE'}
2024-06-23 23:04:25,315 - INFO - Mobile verification is successful
2024-06-23 23:04:25,315 - DEBUG - Get method entered with record {'mobile': 915421215452}
2024-06-23 23:04:25,315 - INFO - Mobile verification is successful
2024-06-23 23:04:25,315 - INFO - User details found -->> {'mobile': 915421215452, 'name': 'Komal', 'company': 'APPLE'}
2024-06-23 23:04:27,255 - INFO - Mobile verification is successful
2024-06-23 23:04:27,255 - DEBUG - Get method entered with record {'mobile': 915421215452}
2024-06-23 23:04:27,255 - INFO - Mobile verification is successful
2024-06-23 23:04:27,255 - INFO - User details found -->> {'mobile': 915421215452, 'name': 'Komal', 'company': 'APPLE'}
2024-06-23 23:05:41,275 - INFO - Mobile verification is successful
2024-06-23 23:05:41,275 - DEBUG - Get method entered with record {'mobile': 915421215452}
2024-06-23 23:05:41,275 - INFO - Mobile verification is successful
2024-06-23 23:05:41,275 - INFO - User details found -->> {'mobile': 915421215452, 'name': 'Komal', 'company': 'APPLE'}
2024-06-23 23:06:15,959 - INFO - Mobile verification is successful
2024-06-23 23:13:30,560 - DEBUG - POST method entered with record {'mobile': 914234123456, 'name': 'Queen', 'company': 'ABC'}
2024-06-23 23:13:30,560 - INFO - Mobile verification is successful
2024-06-23 23:13:30,560 - INFO - Record successfully inserted: {'mobile': 914234123456, 'name': 'Queen', 'company': 'ABC'}
2024-06-23 23:13:30,560 - DEBUG - Get method entered with record {'mobile': 915421215452}
2024-06-23 23:13:30,560 - INFO - Mobile verification is successful
2024-06-23 23:13:30,560 - INFO - User details found -->> {'mobile': 915421215452, 'name': 'Komal', 'company': 'APPLE'}
2024-06-23 23:23:10,574 - DEBUG - POST method entered with record {'mobile': 914234123456, 'name': 'Queen', 'company': 'ABC'}
2024-06-23 23:23:10,574 - INFO - Mobile verification is successful
2024-06-23 23:23:10,574 - INFO - Record successfully inserted: {'mobile': 914234123456, 'name': 'Queen', 'company': 'ABC'}
2024-06-23 23:23:10,574 - DEBUG - Get method entered with record {'mobile': 915421215452}
2024-06-23 23:23:10,574 - INFO - Mobile verification is successful
2024-06-23 23:23:10,574 - INFO - User details found -->> {'mobile': 915421215452, 'name': 'Komal', 'company': 'APPLE'}
2024-06-23 23:23:10,574 - DEBUG - Get method entered with record {'mobile': 915421215451}
2024-06-23 23:23:10,574 - INFO - Mobile verification is successful
2024-06-23 23:23:10,574 - WARNING - No user details found for mobile number 915421215451.
2024-06-23 23:23:51,511 - DEBUG - POST method entered with record {'mobile': 914234123456, 'name': 'Queen', 'company': 'ABC'}
2024-06-23 23:23:51,511 - INFO - Mobile verification is successful
2024-06-23 23:23:51,511 - INFO - Record successfully inserted: {'mobile': 914234123456, 'name': 'Queen', 'company': 'ABC'}
2024-06-23 23:23:51,512 - DEBUG - Get method entered with record {'mobile': 915421215452}
2024-06-23 23:23:51,512 - INFO - Mobile verification is successful
2024-06-23 23:23:51,512 - INFO - User details found -->> {'mobile': 915421215452, 'name': 'Komal', 'company': 'APPLE'}
2024-06-23 23:23:51,512 - DEBUG - Get method entered with record {'mobile': 915421215451}
2024-06-23 23:23:51,512 - INFO - Mobile verification is successful
2024-06-23 23:23:51,512 - WARNING - No user details found for mobile number 915421215451.
2024-06-23 23:24:48,336 - DEBUG - DELETE method entered with record {'mobile': 915421215451}
2024-06-23 23:24:48,336 - INFO - Mobile verification is successful
2024-06-23 23:24:48,336 - WARNING - No user details found for mobile number 915421215451 so DELETION is not possible.
2024-06-23 23:27:15,661 - DEBUG - POST method entered with record {'mobile': 914234123456, 'name': 'Queen', 'company': 'ABC'}
2024-06-23 23:27:15,661 - INFO - Mobile verification is successful
2024-06-23 23:27:15,661 - INFO - Record successfully inserted using POST METHOD: {'mobile': 914234123456, 'name': 'Queen', 'company': 'ABC'}
2024-06-23 23:27:15,661 - DEBUG - Get method entered with record {'mobile': 915421215452}
2024-06-23 23:27:15,661 - INFO - Mobile verification is successful
2024-06-23 23:27:15,661 - INFO - User details found -->> {'mobile': 915421215452, 'name': 'Komal', 'company': 'APPLE'}
2024-06-23 23:27:15,661 - DEBUG - DELETE method entered with record {'mobile': 915421215451}
2024-06-23 23:27:15,661 - INFO - Mobile verification is successful
2024-06-23 23:27:15,661 - WARNING - No user details found for mobile number 915421215451 so DELETION is not possible.
2024-06-23 23:31:49,956 - DEBUG - POST METHOD entered with record {'mobile': 914234123456, 'name': 'Queen', 'company': 'ABC'}
2024-06-23 23:31:49,956 - INFO - Mobile verification is successful
2024-06-23 23:31:49,956 - INFO - Record successfully inserted using POST METHOD: {'mobile': 914234123456, 'name': 'Queen', 'company': 'ABC'}
2024-06-23 23:31:49,957 - DEBUG - GET METHOD entered with record {'mobile': 915421215452}
2024-06-23 23:31:49,957 - INFO - Mobile verification is successful
2024-06-23 23:31:49,957 - INFO - User details found -->> {'mobile': 915421215452, 'name': 'Komal', 'company': 'APPLE'}
2024-06-23 23:31:49,957 - DEBUG - DELETE method entered with record {'mobile': 915421215451}
2024-06-23 23:31:49,957 - INFO - Mobile verification is successful
2024-06-23 23:31:49,957 - WARNING - No user details found for mobile number 915421215451 so DELETION is not possible.
